\BOOKMARK [0][-]{section*.5}{Índice general}{}% 1
\BOOKMARK [0][-]{section*.6}{Índice de figuras}{}% 2
\BOOKMARK [0][-]{section*.7}{Índice de cuadros}{}% 3
\BOOKMARK [0][-]{chapter.1}{Introducción}{}% 4
\BOOKMARK [1][-]{section.1.1}{Motivación}{chapter.1}% 5
\BOOKMARK [1][-]{section.1.2}{Definición del problema}{chapter.1}% 6
\BOOKMARK [1][-]{section.1.3}{Redes\040Sociales}{chapter.1}% 7
\BOOKMARK [0][-]{chapter.2}{Estado\040del\040Arte\040}{}% 8
\BOOKMARK [1][-]{section.2.1}{Análisis de Sentimientos}{chapter.2}% 9
\BOOKMARK [1][-]{section.2.2}{Extracción de datos de Twitter}{chapter.2}% 10
\BOOKMARK [1][-]{section.2.3}{Almacenamiento\040de\040datos}{chapter.2}% 11
\BOOKMARK [0][-]{chapter.3}{Objetivos}{}% 12
\BOOKMARK [0][-]{chapter.4}{Metodología}{}% 13
\BOOKMARK [0][-]{chapter.5}{Presupuesto}{}% 14
\BOOKMARK [0][-]{chapter.6}{Diseño}{}% 15
\BOOKMARK [0][-]{chapter.7}{Implementación}{}% 16
\BOOKMARK [0][-]{chapter.8}{Resultados}{}% 17
\BOOKMARK [1][-]{section.8.1}{Análisis de Netflix y HBO}{chapter.8}% 18
\BOOKMARK [0][-]{chapter.9}{Conclusiones}{}% 19
\BOOKMARK [0][-]{chapter*.34}{Bibliografía}{}% 20
